2016-09-06 01:51:19,010 manager INFO 1.1.0
2016-09-06 01:51:19,012 manager INFO Copyright (C) 2003-2010
2016-09-06 01:51:19,013 manager INFO   Noriaki Ando
2016-09-06 01:51:19,013 manager INFO   Intelligent Systems Research Institute, AIST
2016-09-06 01:51:19,014 manager INFO Manager starting.
2016-09-06 01:51:19,015 manager INFO Starting local logging.
2016-09-06 01:51:19,030 manager.namingmanager INFO NameServer connection succeeded: corba/localhost
2016-09-06 01:51:19,090 ManagerServant INFO Master manager not found
2016-09-06 01:51:19,094 LocalServiceAdmin INFO All the local services are enabled.
2016-09-06 01:51:19,136 manager INFO Component type conf file: outTemp.conf loaded.
2016-09-06 01:51:19,163 ec_base INFO setRate(1000000.000000) done
2016-09-06 01:51:19,166 ec_base INFO setRate(1000.000000) done
2016-09-06 01:51:19,171 rtobject INFO 1 execution context was created.
2016-09-06 01:51:19,184 rtobject INFO Initial active configuration set is default-set.
2016-09-06 01:51:32,922 SdoServiceAdmin WARNING No available SDO service in the factory: 
2016-09-06 01:51:32,924 SdoServiceAdmin ERROR type  already exists.
2016-09-06 01:51:32,933 SdoServiceAdmin WARNING No available SDO service in the factory: IDL:OpenRTM/ComponentObserver:1.0
2016-09-06 01:51:32,934 SdoServiceAdmin ERROR type c22ad53f-6033-4f3b-a0cf-820a139c85b4 already exists.
2016-09-06 01:51:40,314 rtobject ERROR Traceback (most recent call last):
  File "/usr/lib/python2.7/dist-packages/OpenRTM_aist/RTObject.py", line 1560, in on_execute
    ret = self.onExecute(ec_id)
  File "outTemp.py", line 182, in onExecute
    if(origin_TempIn.isnew()):
NameError: global name 'origin_TempIn' is not defined

2016-09-06 01:52:07,441 ec_worker ERROR State of the RTC is not ACTIVE_STATE.
2016-09-06 01:52:07,472 ec_worker WARNING ExecutionContext is already stopped.
2016-09-06 01:52:07,473 ec_base ERROR Invoking on_shutdown() for each RTC failed.
