2016-08-31 19:06:56,947 manager INFO 1.1.0
2016-08-31 19:06:56,947 manager INFO Copyright (C) 2003-2010
2016-08-31 19:06:56,947 manager INFO   Noriaki Ando
2016-08-31 19:06:56,947 manager INFO   Intelligent Systems Research Institute, AIST
2016-08-31 19:06:56,947 manager INFO Manager starting.
2016-08-31 19:06:56,947 manager INFO Starting local logging.
2016-08-31 19:06:58,986 manager.namingmanager INFO NameServer connection failed: corba/localhost
2016-08-31 19:07:01,019 ManagerServant INFO Master manager not found
2016-08-31 19:07:01,019 manager WARNING Traceback (most recent call last):
  File "C:\Python27\lib\site-packages\OpenRTM_aist\Manager.py", line 1900, in initManagerServant
    reffile = file(self._config.getProperty("manager.refstring_path"),'w')
IOError: [Errno 2] No such file or directory: '/var/log/rtcmanager.ref'

2016-08-31 19:07:01,019 LocalServiceAdmin INFO All the local services are enabled.
2016-08-31 19:07:01,035 manager INFO Component type conf file: outTemp.conf loaded.
2016-08-31 19:07:01,104 ec_base INFO setRate(1000000.000000) done
2016-08-31 19:07:01,104 ec_base INFO setRate(1000.000000) done
2016-08-31 19:07:01,119 rtobject INFO 1 execution context was created.
2016-08-31 19:07:01,151 rtobject INFO Initial active configuration set is default-set.
2016-08-31 19:07:05,756 ec_worker ERROR State of the RTC is not ACTIVE_STATE.
2016-08-31 19:07:05,772 ec_worker WARNING ExecutionContext is already stopped.
2016-08-31 19:07:05,772 ec_base ERROR Invoking on_shutdown() for each RTC failed.
