2016-09-07 18:06:41,964 manager INFO 1.1.0
2016-09-07 18:06:41,964 manager INFO Copyright (C) 2003-2010
2016-09-07 18:06:41,964 manager INFO   Noriaki Ando
2016-09-07 18:06:41,964 manager INFO   Intelligent Systems Research Institute, AIST
2016-09-07 18:06:41,964 manager INFO Manager starting.
2016-09-07 18:06:41,964 manager INFO Starting local logging.
2016-09-07 18:06:41,969 manager.namingmanager INFO NameServer connection succeeded: corba/localhost
2016-09-07 18:06:43,976 ManagerServant INFO Master manager not found
2016-09-07 18:06:43,976 manager WARNING Traceback (most recent call last):
  File "C:\Python27\lib\site-packages\OpenRTM_aist\Manager.py", line 1900, in initManagerServant
    reffile = file(self._config.getProperty("manager.refstring_path"),'w')
IOError: [Errno 2] No such file or directory: '/var/log/rtcmanager.ref'

2016-09-07 18:06:43,976 LocalServiceAdmin INFO All the local services are enabled.
2016-09-07 18:06:43,982 manager INFO Component type conf file: outTemp.conf loaded.
2016-09-07 18:06:43,983 ec_base INFO setRate(1000000.000000) done
2016-09-07 18:06:43,983 ec_base INFO setRate(1000.000000) done
2016-09-07 18:06:43,984 rtobject INFO 1 execution context was created.
2016-09-07 18:06:43,986 rtobject INFO Initial active configuration set is default-set.
2016-09-07 18:06:46,244 SdoServiceAdmin WARNING No available SDO service in the factory: 
2016-09-07 18:06:46,244 SdoServiceAdmin ERROR type  already exists.
2016-09-07 18:06:46,246 SdoServiceAdmin WARNING No available SDO service in the factory: IDL:OpenRTM/ComponentObserver:1.0
2016-09-07 18:06:46,246 SdoServiceAdmin ERROR type 6f81751a-dad5-4701-baa8-0b4e63be84d2 already exists.
2016-09-07 18:07:50,993 ec_base ERROR The component is not responding.
2016-09-07 18:07:50,993 ec_base ERROR Unknown error: Invalid state transition.
2016-09-07 18:11:02,036 origin_Temp WARNING Traceback (most recent call last):
  File "C:\Python27\lib\site-packages\OpenRTM_aist\PortBase.py", line 2262, in checkPorts
    if port._non_existent():
  File "C:\Python27\lib\site-packages\omniORB\CORBA.py", line 561, in _non_existent
    return self._obj.nonExistent()
COMM_FAILURE: CORBA.COMM_FAILURE(omniORB.COMM_FAILURE_WaitingForReply, CORBA.COMPLETED_MAYBE)

2016-09-07 18:11:02,036 origin_Temp WARNING Dead connection: 6c3383aa-74da-11e6-93bd-b827eb298439
2016-09-07 18:11:02,063 origin_Temp WARNING Traceback (most recent call last):
  File "C:\Python27\lib\site-packages\OpenRTM_aist\PortBase.py", line 836, in disconnect
    return p.notify_disconnect(connector_id)
  File "C:\Python27\lib\site-packages\OpenRTM_aist\RTM_IDL\RTC_idl.py", line 1207, in notify_disconnect
    return self._obj.invoke("notify_disconnect", _0_RTC.PortService._d_notify_disconnect, args)
TRANSIENT: CORBA.TRANSIENT(omniORB.TRANSIENT_ConnectFailed, CORBA.COMPLETED_NO)

2016-09-07 19:38:00,267 SdoServiceAdmin WARNING No available SDO service in the factory: 
2016-09-07 19:38:00,269 SdoServiceAdmin ERROR type  already exists.
2016-09-07 19:38:00,270 SdoServiceAdmin WARNING No available SDO service in the factory: IDL:OpenRTM/ComponentObserver:1.0
2016-09-07 19:38:00,270 SdoServiceAdmin ERROR type 4ab75f48-6368-4463-9c69-bc7d7af1c269 already exists.
2016-09-07 19:39:18,391 ec_base ERROR The component is not responding.
2016-09-07 19:39:18,392 ec_base ERROR Unknown error: Invalid state transition.
2016-09-07 19:41:38,971 origin_Temp ERROR Invalid connector id: 6c3383aa-74da-11e6-93bd-b827eb298439
2016-09-07 19:41:41,576 ec_worker ERROR State of the RTC is not ACTIVE_STATE.
2016-09-07 19:41:41,578 ec_worker WARNING ExecutionContext is already stopped.
2016-09-07 19:41:41,578 ec_base ERROR Invoking on_shutdown() for each RTC failed.
