2016-09-07 17:48:17,697 manager INFO 1.1.0
2016-09-07 17:48:17,697 manager INFO Copyright (C) 2003-2010
2016-09-07 17:48:17,697 manager INFO   Noriaki Ando
2016-09-07 17:48:17,697 manager INFO   Intelligent Systems Research Institute, AIST
2016-09-07 17:48:17,697 manager INFO Manager starting.
2016-09-07 17:48:17,697 manager INFO Starting local logging.
2016-09-07 17:48:17,703 manager.namingmanager INFO NameServer connection succeeded: corba/localhost
2016-09-07 17:48:19,707 ManagerServant INFO Master manager not found
2016-09-07 17:48:19,707 manager WARNING Traceback (most recent call last):
  File "C:\Python27\lib\site-packages\OpenRTM_aist\Manager.py", line 1900, in initManagerServant
    reffile = file(self._config.getProperty("manager.refstring_path"),'w')
IOError: [Errno 2] No such file or directory: '/var/log/rtcmanager.ref'

2016-09-07 17:48:19,709 LocalServiceAdmin INFO All the local services are enabled.
2016-09-07 17:48:19,713 manager INFO Component type conf file: outTemp.conf loaded.
2016-09-07 17:48:19,714 ec_base INFO setRate(1000000.000000) done
2016-09-07 17:48:19,714 ec_base INFO setRate(1000.000000) done
2016-09-07 17:48:19,716 rtobject INFO 1 execution context was created.
2016-09-07 17:48:19,717 rtobject INFO Initial active configuration set is default-set.
2016-09-07 17:48:22,158 SdoServiceAdmin WARNING No available SDO service in the factory: 
2016-09-07 17:48:22,158 SdoServiceAdmin ERROR type  already exists.
2016-09-07 17:48:22,161 SdoServiceAdmin WARNING No available SDO service in the factory: IDL:OpenRTM/ComponentObserver:1.0
2016-09-07 17:48:22,161 SdoServiceAdmin ERROR type 2840341f-c2c0-444d-aa8d-c948c8657d2c already exists.
2016-09-07 17:48:35,131 ec_base ERROR The component is not responding.
2016-09-07 17:48:35,131 ec_base ERROR Unknown error: Invalid state transition.
2016-09-07 17:52:31,740 ec_base ERROR The component is not responding.
2016-09-07 17:52:31,740 ec_base ERROR Unknown error: Invalid state transition.
2016-09-07 17:54:55,453 OutPortCorbaCdrConsumer WARNING Exception caught from OutPort.get().
2016-09-07 17:54:55,463 OutPortCorbaCdrConsumer ERROR Traceback (most recent call last):
  File "C:\Python27\lib\site-packages\OpenRTM_aist\OutPortCorbaCdrConsumer.py", line 200, in get
    ret,cdr_data = outportcdr.get()
  File "C:\Python27\lib\site-packages\OpenRTM_aist\RTM_IDL\DataPort_idl.py", line 127, in get
    return self._obj.invoke("get", _0_OpenRTM.OutPortCdr._d_get, args)
BAD_PARAM: CORBA.BAD_PARAM(omniORB.BAD_PARAM_WrongPythonType, CORBA.COMPLETED_MAYBE)

2016-09-07 17:54:55,463 origin_Temp ERROR unknown retern value from buffer.read()
2016-09-07 17:55:36,025 ec_base ERROR The component is not responding.
2016-09-07 17:55:36,025 ec_base ERROR Unknown error: Invalid state transition.
2016-09-07 17:55:54,020 origin_Temp WARNING buffer empty
2016-09-07 17:58:43,382 ec_base ERROR The component is not responding.
2016-09-07 17:58:43,382 ec_base ERROR Unknown error: Invalid state transition.
2016-09-07 18:00:30,198 ec_worker ERROR State of the RTC is not ACTIVE_STATE.
2016-09-07 18:00:30,316 ec_worker WARNING ExecutionContext is already stopped.
2016-09-07 18:00:30,318 ec_base ERROR Invoking on_shutdown() for each RTC failed.
