2016-09-07 17:10:40,598 manager INFO 1.1.0
2016-09-07 17:10:40,598 manager INFO Copyright (C) 2003-2010
2016-09-07 17:10:40,598 manager INFO   Noriaki Ando
2016-09-07 17:10:40,598 manager INFO   Intelligent Systems Research Institute, AIST
2016-09-07 17:10:40,598 manager INFO Manager starting.
2016-09-07 17:10:40,598 manager INFO Starting local logging.
2016-09-07 17:10:40,601 manager.namingmanager INFO NameServer connection succeeded: corba/localhost
2016-09-07 17:10:42,609 ManagerServant INFO Master manager not found
2016-09-07 17:10:42,611 manager WARNING Traceback (most recent call last):
  File "C:\Python27\lib\site-packages\OpenRTM_aist\Manager.py", line 1900, in initManagerServant
    reffile = file(self._config.getProperty("manager.refstring_path"),'w')
IOError: [Errno 2] No such file or directory: '/var/log/rtcmanager.ref'

2016-09-07 17:10:42,611 LocalServiceAdmin INFO All the local services are enabled.
2016-09-07 17:10:42,614 manager INFO Component type conf file: outTemp.conf loaded.
2016-09-07 17:10:42,615 ec_base INFO setRate(1000000.000000) done
2016-09-07 17:10:42,615 ec_base INFO setRate(1000.000000) done
2016-09-07 17:10:42,615 rtobject INFO 1 execution context was created.
2016-09-07 17:10:42,618 rtobject INFO Initial active configuration set is default-set.
2016-09-07 17:10:45,700 SdoServiceAdmin WARNING No available SDO service in the factory: 
2016-09-07 17:10:45,700 SdoServiceAdmin ERROR type  already exists.
2016-09-07 17:10:45,701 SdoServiceAdmin WARNING No available SDO service in the factory: IDL:OpenRTM/ComponentObserver:1.0
2016-09-07 17:10:45,703 SdoServiceAdmin ERROR type 188777e3-93cf-420d-b85b-ad4ffeeb1432 already exists.
2016-09-07 17:11:21,773 ec_base ERROR The component is not responding.
2016-09-07 17:11:21,773 ec_base ERROR Unknown error: Invalid state transition.
2016-09-07 17:11:27,631 ec_worker ERROR State of the RTC is not ACTIVE_STATE.
2016-09-07 17:11:27,650 ec_worker WARNING ExecutionContext is already stopped.
2016-09-07 17:11:27,650 ec_base ERROR Invoking on_shutdown() for each RTC failed.
