2016-09-09 01:09:40,082 manager INFO 1.1.0
2016-09-09 01:09:40,082 manager INFO Copyright (C) 2003-2010
2016-09-09 01:09:40,082 manager INFO   Noriaki Ando
2016-09-09 01:09:40,082 manager INFO   Intelligent Systems Research Institute, AIST
2016-09-09 01:09:40,082 manager INFO Manager starting.
2016-09-09 01:09:40,082 manager INFO Starting local logging.
2016-09-09 01:09:40,086 manager.namingmanager INFO NameServer connection succeeded: corba/localhost
2016-09-09 01:09:42,108 ManagerServant INFO Master manager not found
2016-09-09 01:09:42,109 manager WARNING Traceback (most recent call last):
  File "C:\Python27\lib\site-packages\OpenRTM_aist\Manager.py", line 1900, in initManagerServant
    reffile = file(self._config.getProperty("manager.refstring_path"),'w')
IOError: [Errno 2] No such file or directory: '/var/log/rtcmanager.ref'

2016-09-09 01:09:42,109 LocalServiceAdmin INFO All the local services are enabled.
2016-09-09 01:09:42,115 manager INFO Component type conf file: outTemp.conf loaded.
2016-09-09 01:09:42,119 ec_base INFO setRate(1000000.000000) done
2016-09-09 01:09:42,119 ec_base INFO setRate(1000.000000) done
2016-09-09 01:09:42,121 rtobject INFO 1 execution context was created.
2016-09-09 01:09:42,122 rtobject INFO Initial active configuration set is default-set.
2016-09-09 01:09:44,598 SdoServiceAdmin WARNING No available SDO service in the factory: 
2016-09-09 01:09:44,598 SdoServiceAdmin ERROR type  already exists.
2016-09-09 01:09:44,599 SdoServiceAdmin WARNING No available SDO service in the factory: IDL:OpenRTM/ComponentObserver:1.0
2016-09-09 01:09:44,599 SdoServiceAdmin ERROR type 02534219-5234-40e3-84e1-f9c25e530572 already exists.
2016-09-09 01:10:00,197 ec_base ERROR The component is not responding.
2016-09-09 01:10:00,197 ec_base ERROR Unknown error: Invalid state transition.
2016-09-09 01:10:18,055 origin_Temp WARNING buffer empty
2016-09-09 01:10:35,706 ec_base ERROR The component is not responding.
2016-09-09 01:10:35,706 ec_base ERROR Unknown error: Invalid state transition.
2016-09-09 01:12:54,542 ec_base ERROR The component is not responding.
2016-09-09 01:12:54,542 ec_base ERROR Unknown error: Invalid state transition.
2016-09-09 01:15:46,937 ec_base ERROR The component is not responding.
2016-09-09 01:15:46,937 ec_base ERROR Unknown error: Invalid state transition.
2016-09-09 01:15:56,839 ec_worker ERROR State of the RTC is not ACTIVE_STATE.
2016-09-09 01:15:56,861 ec_worker WARNING ExecutionContext is already stopped.
2016-09-09 01:15:56,862 ec_base ERROR Invoking on_shutdown() for each RTC failed.
2016-09-09 01:15:57,789 manager ERROR Caught SystemException during root POA destruction
2016-09-09 01:15:57,792 manager ERROR Traceback (most recent call last):
  File "C:\Python27\lib\site-packages\OpenRTM_aist\Manager.py", line 1673, in shutdownORB
    self._poa.destroy(False, True)
  File "C:\Python27\lib\site-packages\omniORB\PortableServer.py", line 142, in destroy
    self._obj.destroy(etherialize_objects, wait_for_completion)
OBJECT_NOT_EXIST: CORBA.OBJECT_NOT_EXIST(omniORB.OBJECT_NOT_EXIST_POANotInitialised, CORBA.COMPLETED_NO)

