2016-09-06 02:47:10,623 manager INFO 1.1.0
2016-09-06 02:47:10,625 manager INFO Copyright (C) 2003-2010
2016-09-06 02:47:10,626 manager INFO   Noriaki Ando
2016-09-06 02:47:10,626 manager INFO   Intelligent Systems Research Institute, AIST
2016-09-06 02:47:10,627 manager INFO Manager starting.
2016-09-06 02:47:10,628 manager INFO Starting local logging.
2016-09-06 02:47:10,642 manager.namingmanager INFO NameServer connection succeeded: corba/localhost
2016-09-06 02:47:10,702 ManagerServant INFO Master manager not found
2016-09-06 02:47:10,706 LocalServiceAdmin INFO All the local services are enabled.
2016-09-06 02:47:10,749 manager INFO Component type conf file: outTemp.conf loaded.
2016-09-06 02:47:10,776 ec_base INFO setRate(1000000.000000) done
2016-09-06 02:47:10,778 ec_base INFO setRate(1000.000000) done
2016-09-06 02:47:10,783 rtobject INFO 1 execution context was created.
2016-09-06 02:47:10,804 rtobject INFO Initial active configuration set is default-set.
2016-09-06 02:47:45,059 SdoServiceAdmin WARNING No available SDO service in the factory: 
2016-09-06 02:47:45,060 SdoServiceAdmin ERROR type  already exists.
2016-09-06 02:47:45,071 SdoServiceAdmin WARNING No available SDO service in the factory: IDL:OpenRTM/ComponentObserver:1.0
2016-09-06 02:47:45,072 SdoServiceAdmin ERROR type 5ce2f8c9-5074-46db-a719-92a734ff9c28 already exists.
2016-09-06 02:47:53,902 rtobject ERROR Traceback (most recent call last):
  File "/usr/lib/python2.7/dist-packages/OpenRTM_aist/RTObject.py", line 1560, in on_execute
    ret = self.onExecute(ec_id)
  File "outTemp.py", line 182, in onExecute
    if(self._origin_TempIn.isnew()):
AttributeError: InPort instance has no attribute 'isnew'

2016-09-06 02:49:01,812 ec_worker ERROR State of the RTC is not INACTIVE_STATE.
