2016-09-06 02:54:41,758 manager INFO 1.1.0
2016-09-06 02:54:41,759 manager INFO Copyright (C) 2003-2010
2016-09-06 02:54:41,760 manager INFO   Noriaki Ando
2016-09-06 02:54:41,761 manager INFO   Intelligent Systems Research Institute, AIST
2016-09-06 02:54:41,761 manager INFO Manager starting.
2016-09-06 02:54:41,762 manager INFO Starting local logging.
2016-09-06 02:54:41,777 manager.namingmanager INFO NameServer connection succeeded: corba/localhost
2016-09-06 02:54:41,836 ManagerServant INFO Master manager not found
2016-09-06 02:54:41,840 LocalServiceAdmin INFO All the local services are enabled.
2016-09-06 02:54:41,882 manager INFO Component type conf file: outTemp.conf loaded.
2016-09-06 02:54:41,909 ec_base INFO setRate(1000000.000000) done
2016-09-06 02:54:41,911 ec_base INFO setRate(1000.000000) done
2016-09-06 02:54:41,916 rtobject INFO 1 execution context was created.
2016-09-06 02:54:41,937 rtobject INFO Initial active configuration set is default-set.
2016-09-06 02:54:58,434 SdoServiceAdmin WARNING No available SDO service in the factory: 
2016-09-06 02:54:58,435 SdoServiceAdmin ERROR type  already exists.
2016-09-06 02:54:58,453 SdoServiceAdmin WARNING No available SDO service in the factory: IDL:OpenRTM/ComponentObserver:1.0
2016-09-06 02:54:58,454 SdoServiceAdmin ERROR type 6dc70821-44a9-485b-8262-95d339831d1d already exists.
2016-09-06 02:55:06,673 rtobject ERROR Traceback (most recent call last):
  File "/usr/lib/python2.7/dist-packages/OpenRTM_aist/RTObject.py", line 1560, in on_execute
    ret = self.onExecute(ec_id)
  File "outTemp.py", line 182, in onExecute
    if(self._origin_TempIn.isnew()):
AttributeError: InPort instance has no attribute 'isnew'

2016-09-06 02:55:27,565 ec_worker ERROR State of the RTC is not ACTIVE_STATE.
