2016-09-06 02:17:18,127 manager INFO 1.1.0
2016-09-06 02:17:18,128 manager INFO Copyright (C) 2003-2010
2016-09-06 02:17:18,129 manager INFO   Noriaki Ando
2016-09-06 02:17:18,130 manager INFO   Intelligent Systems Research Institute, AIST
2016-09-06 02:17:18,130 manager INFO Manager starting.
2016-09-06 02:17:18,131 manager INFO Starting local logging.
2016-09-06 02:17:18,146 manager.namingmanager INFO NameServer connection succeeded: corba/localhost
2016-09-06 02:17:18,206 ManagerServant INFO Master manager not found
2016-09-06 02:17:18,209 LocalServiceAdmin INFO All the local services are enabled.
2016-09-06 02:17:18,252 manager INFO Component type conf file: outTemp.conf loaded.
2016-09-06 02:17:18,279 ec_base INFO setRate(1000000.000000) done
2016-09-06 02:17:18,281 ec_base INFO setRate(1000.000000) done
2016-09-06 02:17:18,286 rtobject INFO 1 execution context was created.
2016-09-06 02:17:18,300 rtobject INFO Initial active configuration set is default-set.
2016-09-06 02:18:14,957 SdoServiceAdmin WARNING No available SDO service in the factory: 
2016-09-06 02:18:14,958 SdoServiceAdmin ERROR type  already exists.
2016-09-06 02:18:14,969 SdoServiceAdmin WARNING No available SDO service in the factory: IDL:OpenRTM/ComponentObserver:1.0
2016-09-06 02:18:14,970 SdoServiceAdmin ERROR type c0b44667-369f-4313-b214-ab794712dfae already exists.
2016-09-06 02:18:28,327 rtobject ERROR Traceback (most recent call last):
  File "/usr/lib/python2.7/dist-packages/OpenRTM_aist/RTObject.py", line 1560, in on_execute
    ret = self.onExecute(ec_id)
  File "outTemp.py", line 182, in onExecute
    if(self._origin_TempIn.isnew()):
AttributeError: InPort instance has no attribute 'isnew'

2016-09-06 02:19:52,866 ec_worker ERROR State of the RTC is not ACTIVE_STATE.
