2016-09-06 03:49:04,547 manager INFO 1.1.0
2016-09-06 03:49:04,548 manager INFO Copyright (C) 2003-2010
2016-09-06 03:49:04,549 manager INFO   Noriaki Ando
2016-09-06 03:49:04,550 manager INFO   Intelligent Systems Research Institute, AIST
2016-09-06 03:49:04,551 manager INFO Manager starting.
2016-09-06 03:49:04,551 manager INFO Starting local logging.
2016-09-06 03:49:04,567 manager.namingmanager INFO NameServer connection succeeded: corba/localhost
2016-09-06 03:49:04,629 ManagerServant INFO Master manager not found
2016-09-06 03:49:04,633 LocalServiceAdmin INFO All the local services are enabled.
2016-09-06 03:49:04,679 manager INFO Component type conf file: outTemp.conf loaded.
2016-09-06 03:49:04,708 ec_base INFO setRate(1000000.000000) done
2016-09-06 03:49:04,710 ec_base INFO setRate(1000.000000) done
2016-09-06 03:49:04,716 rtobject INFO 1 execution context was created.
2016-09-06 03:49:04,730 rtobject INFO Initial active configuration set is default-set.
2016-09-06 03:49:08,049 SdoServiceAdmin WARNING No available SDO service in the factory: 
2016-09-06 03:49:08,050 SdoServiceAdmin ERROR type  already exists.
2016-09-06 03:49:08,061 SdoServiceAdmin WARNING No available SDO service in the factory: IDL:OpenRTM/ComponentObserver:1.0
2016-09-06 03:49:08,062 SdoServiceAdmin ERROR type 55907097-647e-46d3-8325-c8ce08d74a0e already exists.
2016-09-06 03:49:16,230 rtobject ERROR Traceback (most recent call last):
  File "/usr/lib/python2.7/dist-packages/OpenRTM_aist/RTObject.py", line 1560, in on_execute
    ret = self.onExecute(ec_id)
  File "outTemp.py", line 182, in onExecute
    if(self._origin_TempIn.isnew()):
AttributeError: InPort instance has no attribute 'isnew'

2016-09-06 03:49:21,313 ec_worker ERROR State of the RTC is not ACTIVE_STATE.
2016-09-06 03:49:23,845 ec_worker ERROR State of the RTC is not ACTIVE_STATE.
2016-09-06 03:49:23,868 ec_worker WARNING ExecutionContext is already stopped.
2016-09-06 03:49:23,870 ec_base ERROR Invoking on_shutdown() for each RTC failed.
