2016-09-07 15:57:03,598 manager INFO 1.1.0
2016-09-07 15:57:03,600 manager INFO Copyright (C) 2003-2010
2016-09-07 15:57:03,600 manager INFO   Noriaki Ando
2016-09-07 15:57:03,601 manager INFO   Intelligent Systems Research Institute, AIST
2016-09-07 15:57:03,602 manager INFO Manager starting.
2016-09-07 15:57:03,602 manager INFO Starting local logging.
2016-09-07 15:57:03,617 manager.namingmanager INFO NameServer connection succeeded: corba/localhost
2016-09-07 15:57:03,678 ManagerServant INFO Master manager not found
2016-09-07 15:57:03,681 LocalServiceAdmin INFO All the local services are enabled.
2016-09-07 15:57:03,723 manager INFO Component type conf file: outTemp.conf loaded.
2016-09-07 15:57:03,750 ec_base INFO setRate(1000000.000000) done
2016-09-07 15:57:03,752 ec_base INFO setRate(1000.000000) done
2016-09-07 15:57:03,757 rtobject INFO 1 execution context was created.
2016-09-07 15:57:03,780 rtobject INFO Initial active configuration set is default-set.
2016-09-07 15:57:06,198 SdoServiceAdmin WARNING No available SDO service in the factory: 
2016-09-07 15:57:06,199 SdoServiceAdmin ERROR type  already exists.
2016-09-07 15:57:06,211 SdoServiceAdmin WARNING No available SDO service in the factory: IDL:OpenRTM/ComponentObserver:1.0
2016-09-07 15:57:06,212 SdoServiceAdmin ERROR type 8932e4cb-431f-42df-aab8-def3add0bc01 already exists.
2016-09-07 15:58:31,695 ec_base ERROR The component is not responding.
2016-09-07 15:58:31,697 ec_base ERROR Unknown error: Invalid state transition.
2016-09-07 16:27:36,168 ec_base ERROR The component is not responding.
2016-09-07 16:27:36,170 ec_base ERROR Unknown error: Invalid state transition.
2016-09-07 16:27:42,888 ec_worker ERROR State of the RTC is not ACTIVE_STATE.
2016-09-07 16:27:42,895 ec_worker WARNING ExecutionContext is already stopped.
2016-09-07 16:27:42,897 ec_base ERROR Invoking on_shutdown() for each RTC failed.
