2016-09-07 17:02:20,118 manager INFO 1.1.0
2016-09-07 17:02:20,128 manager INFO Copyright (C) 2003-2010
2016-09-07 17:02:20,128 manager INFO   Noriaki Ando
2016-09-07 17:02:20,128 manager INFO   Intelligent Systems Research Institute, AIST
2016-09-07 17:02:20,128 manager INFO Manager starting.
2016-09-07 17:02:20,128 manager INFO Starting local logging.
2016-09-07 17:02:20,148 manager.namingmanager INFO NameServer connection succeeded: corba/localhost
2016-09-07 17:02:22,161 ManagerServant INFO Master manager not found
2016-09-07 17:02:22,167 manager WARNING Traceback (most recent call last):
  File "C:\Python27\lib\site-packages\OpenRTM_aist\Manager.py", line 1900, in initManagerServant
    reffile = file(self._config.getProperty("manager.refstring_path"),'w')
IOError: [Errno 2] No such file or directory: '/var/log/rtcmanager.ref'

2016-09-07 17:02:22,168 LocalServiceAdmin INFO All the local services are enabled.
2016-09-07 17:02:22,171 manager INFO Component type conf file: outTemp.conf loaded.
2016-09-07 17:02:22,213 ec_base INFO setRate(1000000.000000) done
2016-09-07 17:02:22,213 ec_base INFO setRate(1000.000000) done
2016-09-07 17:02:22,213 rtobject INFO 1 execution context was created.
2016-09-07 17:02:22,214 rtobject INFO Initial active configuration set is default-set.
2016-09-07 17:02:34,552 SdoServiceAdmin WARNING No available SDO service in the factory: 
2016-09-07 17:02:34,552 SdoServiceAdmin ERROR type  already exists.
2016-09-07 17:02:34,553 SdoServiceAdmin WARNING No available SDO service in the factory: IDL:OpenRTM/ComponentObserver:1.0
2016-09-07 17:02:34,553 SdoServiceAdmin ERROR type 35a1778b-3852-4f63-83df-635cffe9c1c3 already exists.
2016-09-07 17:02:57,036 ec_base ERROR The component is not responding.
2016-09-07 17:02:57,036 ec_base ERROR Unknown error: Invalid state transition.
2016-09-07 17:03:03,729 ec_worker ERROR State of the RTC is not ACTIVE_STATE.
2016-09-07 17:03:03,750 ec_worker WARNING ExecutionContext is already stopped.
2016-09-07 17:03:03,750 ec_base ERROR Invoking on_shutdown() for each RTC failed.
