2016-09-06 03:57:49,690 manager INFO 1.1.0
2016-09-06 03:57:49,691 manager INFO Copyright (C) 2003-2010
2016-09-06 03:57:49,692 manager INFO   Noriaki Ando
2016-09-06 03:57:49,693 manager INFO   Intelligent Systems Research Institute, AIST
2016-09-06 03:57:49,694 manager INFO Manager starting.
2016-09-06 03:57:49,694 manager INFO Starting local logging.
2016-09-06 03:57:49,709 manager.namingmanager INFO NameServer connection succeeded: corba/localhost
2016-09-06 03:57:49,770 ManagerServant INFO Master manager not found
2016-09-06 03:57:49,773 LocalServiceAdmin INFO All the local services are enabled.
2016-09-06 03:57:49,817 manager INFO Component type conf file: outTemp.conf loaded.
2016-09-06 03:57:49,844 ec_base INFO setRate(1000000.000000) done
2016-09-06 03:57:49,846 ec_base INFO setRate(1000.000000) done
2016-09-06 03:57:49,852 rtobject INFO 1 execution context was created.
2016-09-06 03:57:49,865 rtobject INFO Initial active configuration set is default-set.
2016-09-06 03:57:55,189 SdoServiceAdmin WARNING No available SDO service in the factory: 
2016-09-06 03:57:55,190 SdoServiceAdmin ERROR type  already exists.
2016-09-06 03:57:55,208 SdoServiceAdmin WARNING No available SDO service in the factory: IDL:OpenRTM/ComponentObserver:1.0
2016-09-06 03:57:55,209 SdoServiceAdmin ERROR type 9712289a-8abb-4454-89ba-1da51e7b2c3d already exists.
2016-09-06 03:58:12,055 rtobject ERROR Traceback (most recent call last):
  File "/usr/lib/python2.7/dist-packages/OpenRTM_aist/RTObject.py", line 1560, in on_execute
    ret = self.onExecute(ec_id)
  File "outTemp.py", line 182, in onExecute
    if(self._origin_TempIn.isnew()):
AttributeError: InPort instance has no attribute 'isnew'

2016-09-06 03:58:27,514 ec_worker ERROR State of the RTC is not ACTIVE_STATE.
2016-09-06 03:58:29,079 ec_worker ERROR State of the RTC is not ACTIVE_STATE.
2016-09-06 03:58:29,104 ec_worker WARNING ExecutionContext is already stopped.
2016-09-06 03:58:29,105 ec_base ERROR Invoking on_shutdown() for each RTC failed.
