2016-09-07 16:54:50,069 manager INFO 1.1.0
2016-09-07 16:54:50,070 manager INFO Copyright (C) 2003-2010
2016-09-07 16:54:50,071 manager INFO   Noriaki Ando
2016-09-07 16:54:50,072 manager INFO   Intelligent Systems Research Institute, AIST
2016-09-07 16:54:50,072 manager INFO Manager starting.
2016-09-07 16:54:50,073 manager INFO Starting local logging.
2016-09-07 16:54:50,088 manager.namingmanager INFO NameServer connection succeeded: corba/localhost
2016-09-07 16:54:50,148 ManagerServant INFO Master manager not found
2016-09-07 16:54:50,152 LocalServiceAdmin INFO All the local services are enabled.
2016-09-07 16:54:50,195 manager INFO Component type conf file: outTemp.conf loaded.
2016-09-07 16:54:50,222 ec_base INFO setRate(1000000.000000) done
2016-09-07 16:54:50,224 ec_base INFO setRate(1000.000000) done
2016-09-07 16:54:50,229 rtobject INFO 1 execution context was created.
2016-09-07 16:54:50,254 rtobject INFO Initial active configuration set is default-set.
2016-09-07 16:54:53,659 SdoServiceAdmin WARNING No available SDO service in the factory: 
2016-09-07 16:54:53,660 SdoServiceAdmin ERROR type  already exists.
2016-09-07 16:54:53,668 SdoServiceAdmin WARNING No available SDO service in the factory: IDL:OpenRTM/ComponentObserver:1.0
2016-09-07 16:54:53,669 SdoServiceAdmin ERROR type 9c9476b7-727d-4648-b165-3ccc0954cd53 already exists.
2016-09-07 16:55:03,341 rtobject ERROR Traceback (most recent call last):
  File "/usr/lib/python2.7/dist-packages/OpenRTM_aist/RTObject.py", line 1560, in on_execute
    ret = self.onExecute(ec_id)
  File "outTemp.py", line 183, in onExecute
    print "Temperature(Celcius) : %4.2f" % self._d_origin_Temp.data
TypeError: float argument required, not instance

2016-09-07 16:55:12,332 ec_worker ERROR State of the RTC is not ACTIVE_STATE.
2016-09-07 16:55:18,902 ec_worker ERROR State of the RTC is not ACTIVE_STATE.
2016-09-07 16:55:18,926 ec_worker WARNING ExecutionContext is already stopped.
2016-09-07 16:55:18,927 ec_base ERROR Invoking on_shutdown() for each RTC failed.
