2016-09-09 00:56:05,150 manager INFO 1.1.0
2016-09-09 00:56:05,150 manager INFO Copyright (C) 2003-2010
2016-09-09 00:56:05,150 manager INFO   Noriaki Ando
2016-09-09 00:56:05,150 manager INFO   Intelligent Systems Research Institute, AIST
2016-09-09 00:56:05,150 manager INFO Manager starting.
2016-09-09 00:56:05,150 manager INFO Starting local logging.
2016-09-09 00:56:05,154 manager.namingmanager INFO NameServer connection succeeded: corba/localhost
2016-09-09 00:56:07,164 ManagerServant INFO Master manager not found
2016-09-09 00:56:07,168 manager WARNING Traceback (most recent call last):
  File "C:\Python27\lib\site-packages\OpenRTM_aist\Manager.py", line 1900, in initManagerServant
    reffile = file(self._config.getProperty("manager.refstring_path"),'w')
IOError: [Errno 2] No such file or directory: '/var/log/rtcmanager.ref'

2016-09-09 00:56:07,170 LocalServiceAdmin INFO All the local services are enabled.
2016-09-09 00:56:07,181 manager INFO Component type conf file: outTemp.conf loaded.
2016-09-09 00:56:07,194 ec_base INFO setRate(1000000.000000) done
2016-09-09 00:56:07,194 ec_base INFO setRate(1000.000000) done
2016-09-09 00:56:07,196 rtobject INFO 1 execution context was created.
2016-09-09 00:56:07,201 rtobject INFO Initial active configuration set is default-set.
2016-09-09 00:56:09,599 SdoServiceAdmin WARNING No available SDO service in the factory: 
2016-09-09 00:56:09,599 SdoServiceAdmin ERROR type  already exists.
2016-09-09 00:56:09,601 SdoServiceAdmin WARNING No available SDO service in the factory: IDL:OpenRTM/ComponentObserver:1.0
2016-09-09 00:56:09,601 SdoServiceAdmin ERROR type 04ad22d9-020c-4694-bff9-2d4892e91232 already exists.
2016-09-09 00:56:18,835 origin_Temp WARNING buffer empty
2016-09-09 00:56:19,841 rtobject ERROR Traceback (most recent call last):
  File "C:\Python27\lib\site-packages\OpenRTM_aist\RTObject.py", line 1560, in on_execute
    ret = self.onExecute(ec_id)
  File "outTemp.py", line 185, in onExecute
    print "%4.2f" % temp
TypeError: float argument required, not NoneType

2016-09-09 00:56:31,585 ec_worker ERROR State of the RTC is not ACTIVE_STATE.
2016-09-09 00:56:38,404 ec_worker ERROR State of the RTC is not ACTIVE_STATE.
2016-09-09 00:56:38,418 ec_worker WARNING ExecutionContext is already stopped.
2016-09-09 00:56:38,420 ec_base ERROR Invoking on_shutdown() for each RTC failed.
