2016-09-07 16:46:52,663 manager INFO 1.1.0
2016-09-07 16:46:52,678 manager INFO Copyright (C) 2003-2010
2016-09-07 16:46:52,679 manager INFO   Noriaki Ando
2016-09-07 16:46:52,680 manager INFO   Intelligent Systems Research Institute, AIST
2016-09-07 16:46:52,680 manager INFO Manager starting.
2016-09-07 16:46:52,681 manager INFO Starting local logging.
2016-09-07 16:46:52,696 manager.namingmanager INFO NameServer connection succeeded: corba/localhost
2016-09-07 16:46:52,756 ManagerServant INFO Master manager not found
2016-09-07 16:46:52,760 LocalServiceAdmin INFO All the local services are enabled.
2016-09-07 16:46:52,801 manager INFO Component type conf file: outTemp.conf loaded.
2016-09-07 16:46:52,827 ec_base INFO setRate(1000000.000000) done
2016-09-07 16:46:52,829 ec_base INFO setRate(1000.000000) done
2016-09-07 16:46:52,834 rtobject INFO 1 execution context was created.
2016-09-07 16:46:52,855 rtobject INFO Initial active configuration set is default-set.
2016-09-07 16:46:54,991 SdoServiceAdmin WARNING No available SDO service in the factory: 
2016-09-07 16:46:54,992 SdoServiceAdmin ERROR type  already exists.
2016-09-07 16:46:55,001 SdoServiceAdmin WARNING No available SDO service in the factory: IDL:OpenRTM/ComponentObserver:1.0
2016-09-07 16:46:55,002 SdoServiceAdmin ERROR type fd9dc6fe-5ed5-4900-9180-ab9c2efca097 already exists.
2016-09-07 16:48:49,582 ec_base ERROR The component is not responding.
2016-09-07 16:48:49,584 ec_base ERROR Unknown error: Invalid state transition.
2016-09-07 16:48:58,339 ec_worker ERROR State of the RTC is not ACTIVE_STATE.
2016-09-07 16:48:58,359 ec_worker WARNING ExecutionContext is already stopped.
2016-09-07 16:48:58,360 ec_base ERROR Invoking on_shutdown() for each RTC failed.
