2016-09-06 03:46:29,627 manager INFO 1.1.0
2016-09-06 03:46:29,628 manager INFO Copyright (C) 2003-2010
2016-09-06 03:46:29,629 manager INFO   Noriaki Ando
2016-09-06 03:46:29,630 manager INFO   Intelligent Systems Research Institute, AIST
2016-09-06 03:46:29,630 manager INFO Manager starting.
2016-09-06 03:46:29,631 manager INFO Starting local logging.
2016-09-06 03:46:29,647 manager.namingmanager INFO NameServer connection succeeded: corba/localhost
2016-09-06 03:46:29,709 ManagerServant INFO Master manager not found
2016-09-06 03:46:29,712 LocalServiceAdmin INFO All the local services are enabled.
2016-09-06 03:46:29,756 manager INFO Component type conf file: outTemp.conf loaded.
2016-09-06 03:46:29,783 ec_base INFO setRate(1000000.000000) done
2016-09-06 03:46:29,785 ec_base INFO setRate(1000.000000) done
2016-09-06 03:46:29,790 rtobject INFO 1 execution context was created.
2016-09-06 03:46:29,812 rtobject INFO Initial active configuration set is default-set.
2016-09-06 03:46:35,716 SdoServiceAdmin WARNING No available SDO service in the factory: 
2016-09-06 03:46:35,717 SdoServiceAdmin ERROR type  already exists.
2016-09-06 03:46:35,727 SdoServiceAdmin WARNING No available SDO service in the factory: IDL:OpenRTM/ComponentObserver:1.0
2016-09-06 03:46:35,728 SdoServiceAdmin ERROR type 05853a3c-600c-4ad5-ab39-04630ff18e6b already exists.
2016-09-06 03:46:46,401 rtobject ERROR Traceback (most recent call last):
  File "/usr/lib/python2.7/dist-packages/OpenRTM_aist/RTObject.py", line 1560, in on_execute
    ret = self.onExecute(ec_id)
  File "outTemp.py", line 182, in onExecute
    if(self._origin_TempIn.isnew()):
AttributeError: InPort instance has no attribute 'isnew'

2016-09-06 03:47:25,099 ec_worker ERROR State of the RTC is not ACTIVE_STATE.
2016-09-06 03:47:25,119 ec_worker WARNING ExecutionContext is already stopped.
2016-09-06 03:47:25,120 ec_base ERROR Invoking on_shutdown() for each RTC failed.
