2016-09-07 16:54:18,180 manager INFO 1.1.0
2016-09-07 16:54:18,182 manager INFO Copyright (C) 2003-2010
2016-09-07 16:54:18,183 manager INFO   Noriaki Ando
2016-09-07 16:54:18,183 manager INFO   Intelligent Systems Research Institute, AIST
2016-09-07 16:54:18,184 manager INFO Manager starting.
2016-09-07 16:54:18,185 manager INFO Starting local logging.
2016-09-07 16:54:18,201 manager.namingmanager INFO NameServer connection succeeded: corba/localhost
2016-09-07 16:54:18,261 ManagerServant INFO Master manager not found
2016-09-07 16:54:18,265 LocalServiceAdmin INFO All the local services are enabled.
2016-09-07 16:54:18,308 manager INFO Component type conf file: outTemp.conf loaded.
2016-09-07 16:54:18,335 ec_base INFO setRate(1000000.000000) done
2016-09-07 16:54:18,337 ec_base INFO setRate(1000.000000) done
2016-09-07 16:54:18,343 rtobject INFO 1 execution context was created.
2016-09-07 16:54:18,364 rtobject INFO Initial active configuration set is default-set.
2016-09-07 16:54:20,887 SdoServiceAdmin WARNING No available SDO service in the factory: 
2016-09-07 16:54:20,889 SdoServiceAdmin ERROR type  already exists.
2016-09-07 16:54:20,898 SdoServiceAdmin WARNING No available SDO service in the factory: IDL:OpenRTM/ComponentObserver:1.0
2016-09-07 16:54:20,899 SdoServiceAdmin ERROR type d857ce63-2aa1-42c3-9f30-da5005eca342 already exists.
2016-09-07 16:54:31,041 rtobject ERROR Traceback (most recent call last):
  File "/usr/lib/python2.7/dist-packages/OpenRTM_aist/RTObject.py", line 1560, in on_execute
    ret = self.onExecute(ec_id)
  File "outTemp.py", line 183, in onExecute
    print "Temperature(Celcius) : %4.2f" % self._d_origin_Temp.data
TypeError: float argument required, not instance

2016-09-07 16:54:33,540 ec_worker ERROR State of the RTC is not ACTIVE_STATE.
2016-09-07 16:54:35,469 ec_worker ERROR State of the RTC is not ACTIVE_STATE.
2016-09-07 16:54:35,489 ec_worker WARNING ExecutionContext is already stopped.
2016-09-07 16:54:35,490 ec_base ERROR Invoking on_shutdown() for each RTC failed.
