2016-09-06 04:11:26,005 manager INFO 1.1.0
2016-09-06 04:11:26,006 manager INFO Copyright (C) 2003-2010
2016-09-06 04:11:26,007 manager INFO   Noriaki Ando
2016-09-06 04:11:26,008 manager INFO   Intelligent Systems Research Institute, AIST
2016-09-06 04:11:26,009 manager INFO Manager starting.
2016-09-06 04:11:26,010 manager INFO Starting local logging.
2016-09-06 04:11:26,025 manager.namingmanager INFO NameServer connection succeeded: corba/localhost
2016-09-06 04:11:26,086 ManagerServant INFO Master manager not found
2016-09-06 04:11:26,089 LocalServiceAdmin INFO All the local services are enabled.
2016-09-06 04:11:26,133 manager INFO Component type conf file: outTemp.conf loaded.
2016-09-06 04:11:26,161 ec_base INFO setRate(1000000.000000) done
2016-09-06 04:11:26,163 ec_base INFO setRate(1000.000000) done
2016-09-06 04:11:26,168 rtobject INFO 1 execution context was created.
2016-09-06 04:11:26,182 rtobject INFO Initial active configuration set is default-set.
2016-09-06 04:11:31,105 SdoServiceAdmin WARNING No available SDO service in the factory: 
2016-09-06 04:11:31,106 SdoServiceAdmin ERROR type  already exists.
2016-09-06 04:11:31,117 SdoServiceAdmin WARNING No available SDO service in the factory: IDL:OpenRTM/ComponentObserver:1.0
2016-09-06 04:11:31,118 SdoServiceAdmin ERROR type 415e38a2-ace5-411d-aa95-4a16ecf52f15 already exists.
2016-09-06 04:11:37,670 rtobject ERROR Traceback (most recent call last):
  File "/usr/lib/python2.7/dist-packages/OpenRTM_aist/RTObject.py", line 1560, in on_execute
    ret = self.onExecute(ec_id)
  File "outTemp.py", line 182, in onExecute
    if(self._origin_TempIn.isnew()):
AttributeError: InPort instance has no attribute 'isnew'

2016-09-06 04:11:52,329 ec_worker ERROR State of the RTC is not ACTIVE_STATE.
2016-09-06 04:11:52,354 ec_worker WARNING ExecutionContext is already stopped.
2016-09-06 04:11:52,356 ec_base ERROR Invoking on_shutdown() for each RTC failed.
