2016-09-09 01:21:26,271 manager INFO 1.1.0
2016-09-09 01:21:26,272 manager INFO Copyright (C) 2003-2010
2016-09-09 01:21:26,273 manager INFO   Noriaki Ando
2016-09-09 01:21:26,274 manager INFO   Intelligent Systems Research Institute, AIST
2016-09-09 01:21:26,274 manager INFO Manager starting.
2016-09-09 01:21:26,275 manager INFO Starting local logging.
2016-09-09 01:21:26,289 manager.namingmanager INFO NameServer connection succeeded: corba/localhost
2016-09-09 01:21:26,349 ManagerServant INFO Master manager not found
2016-09-09 01:21:26,353 LocalServiceAdmin INFO All the local services are enabled.
2016-09-09 01:21:26,395 manager INFO Component type conf file: outTemp.conf loaded.
2016-09-09 01:21:26,422 ec_base INFO setRate(1000000.000000) done
2016-09-09 01:21:26,424 ec_base INFO setRate(1000.000000) done
2016-09-09 01:21:26,429 rtobject INFO 1 execution context was created.
2016-09-09 01:21:26,450 rtobject INFO Initial active configuration set is default-set.
2016-09-09 01:21:56,074 SdoServiceAdmin WARNING No available SDO service in the factory: 
2016-09-09 01:21:56,075 SdoServiceAdmin ERROR type  already exists.
2016-09-09 01:21:56,085 SdoServiceAdmin WARNING No available SDO service in the factory: IDL:OpenRTM/ComponentObserver:1.0
2016-09-09 01:21:56,086 SdoServiceAdmin ERROR type a7ff13b7-5438-47e3-9488-2de311e77413 already exists.
2016-09-09 01:22:14,033 ec_base ERROR The component is not responding.
2016-09-09 01:22:14,034 ec_base ERROR Unknown error: Invalid state transition.
2016-09-09 01:23:27,249 ec_base ERROR The component is not responding.
2016-09-09 01:23:27,250 ec_base ERROR Unknown error: Invalid state transition.
