2016-09-07 17:12:49,756 manager INFO 1.1.0
2016-09-07 17:12:49,756 manager INFO Copyright (C) 2003-2010
2016-09-07 17:12:49,756 manager INFO   Noriaki Ando
2016-09-07 17:12:49,756 manager INFO   Intelligent Systems Research Institute, AIST
2016-09-07 17:12:49,756 manager INFO Manager starting.
2016-09-07 17:12:49,756 manager INFO Starting local logging.
2016-09-07 17:12:49,759 manager.namingmanager INFO NameServer connection succeeded: corba/localhost
2016-09-07 17:12:51,767 ManagerServant INFO Master manager not found
2016-09-07 17:12:51,769 manager WARNING Traceback (most recent call last):
  File "C:\Python27\lib\site-packages\OpenRTM_aist\Manager.py", line 1900, in initManagerServant
    reffile = file(self._config.getProperty("manager.refstring_path"),'w')
IOError: [Errno 2] No such file or directory: '/var/log/rtcmanager.ref'

2016-09-07 17:12:51,769 LocalServiceAdmin INFO All the local services are enabled.
2016-09-07 17:12:51,773 manager INFO Component type conf file: outTemp.conf loaded.
2016-09-07 17:12:51,775 ec_base INFO setRate(1000000.000000) done
2016-09-07 17:12:51,775 ec_base INFO setRate(1000.000000) done
2016-09-07 17:12:51,776 rtobject INFO 1 execution context was created.
2016-09-07 17:12:51,778 rtobject INFO Initial active configuration set is default-set.
2016-09-07 17:12:54,203 SdoServiceAdmin WARNING No available SDO service in the factory: 
2016-09-07 17:12:54,203 SdoServiceAdmin ERROR type  already exists.
2016-09-07 17:12:54,203 SdoServiceAdmin WARNING No available SDO service in the factory: IDL:OpenRTM/ComponentObserver:1.0
2016-09-07 17:12:54,204 SdoServiceAdmin ERROR type 929141d5-6409-46e6-9040-3da87eb83939 already exists.
2016-09-07 17:13:21,578 ec_base ERROR The component is not responding.
2016-09-07 17:13:21,578 ec_base ERROR Unknown error: Invalid state transition.
2016-09-07 17:13:39,861 origin_Temp WARNING buffer empty
2016-09-07 17:14:23,500 ec_base ERROR The component is not responding.
2016-09-07 17:14:23,500 ec_base ERROR Unknown error: Invalid state transition.
2016-09-07 17:14:31,459 ec_worker ERROR State of the RTC is not ACTIVE_STATE.
2016-09-07 17:14:31,474 ec_worker WARNING ExecutionContext is already stopped.
2016-09-07 17:14:31,474 ec_base ERROR Invoking on_shutdown() for each RTC failed.
