2016-08-31 20:08:11,577 manager INFO 1.1.0
2016-08-31 20:08:11,578 manager INFO Copyright (C) 2003-2010
2016-08-31 20:08:11,579 manager INFO   Noriaki Ando
2016-08-31 20:08:11,580 manager INFO   Intelligent Systems Research Institute, AIST
2016-08-31 20:08:11,581 manager INFO Manager starting.
2016-08-31 20:08:11,581 manager INFO Starting local logging.
2016-08-31 20:08:11,596 manager.namingmanager INFO NameServer connection succeeded: corba/localhost
2016-08-31 20:08:11,654 ManagerServant INFO Master manager not found
2016-08-31 20:08:11,661 manager WARNING Traceback (most recent call last):
  File "/usr/lib/python2.7/dist-packages/OpenRTM_aist/Manager.py", line 1900, in initManagerServant
    reffile = file(self._config.getProperty("manager.refstring_path"),'w')
IOError: [Errno 13] Permission denied: '/var/log/rtcmanager.ref'

2016-08-31 20:08:11,664 LocalServiceAdmin INFO All the local services are enabled.
2016-08-31 20:08:11,709 manager INFO Component type conf file: outTemp.conf loaded.
2016-08-31 20:08:11,737 ec_base INFO setRate(1000000.000000) done
2016-08-31 20:08:11,739 ec_base INFO setRate(1000.000000) done
2016-08-31 20:08:11,745 rtobject INFO 1 execution context was created.
2016-08-31 20:08:11,758 rtobject INFO Initial active configuration set is default-set.
2016-08-31 20:09:19,693 SdoServiceAdmin WARNING No available SDO service in the factory: 
2016-08-31 20:09:19,694 SdoServiceAdmin ERROR type  already exists.
2016-08-31 20:09:19,715 SdoServiceAdmin WARNING No available SDO service in the factory: IDL:OpenRTM/ComponentObserver:1.0
2016-08-31 20:09:19,716 SdoServiceAdmin ERROR type 41ad6c69-e4ce-4c58-84b3-812aff12a50a already exists.
2016-08-31 20:09:35,551 rtobject ERROR Traceback (most recent call last):
  File "/usr/lib/python2.7/dist-packages/OpenRTM_aist/RTObject.py", line 1560, in on_execute
    ret = self.onExecute(ec_id)
  File "outTemp.py", line 182, in onExecute
    if(origin_TempIn.isnew()):
NameError: global name 'origin_TempIn' is not defined

2016-08-31 20:09:53,251 ec_worker ERROR State of the RTC is not INACTIVE_STATE.
2016-08-31 20:09:54,283 ec_worker ERROR State of the RTC is not INACTIVE_STATE.
2016-08-31 20:09:54,885 ec_worker ERROR State of the RTC is not INACTIVE_STATE.
2016-08-31 20:09:55,886 ec_worker ERROR State of the RTC is not INACTIVE_STATE.
2016-08-31 20:09:58,676 ec_worker ERROR State of the RTC is not INACTIVE_STATE.
2016-08-31 20:10:58,320 ec_worker ERROR State of the RTC is not ACTIVE_STATE.
2016-08-31 20:11:01,236 ec_worker ERROR State of the RTC is not INACTIVE_STATE.
2016-08-31 20:11:02,526 ec_worker ERROR State of the RTC is not INACTIVE_STATE.
2016-08-31 20:11:03,725 ec_worker ERROR State of the RTC is not INACTIVE_STATE.
2016-08-31 20:11:04,371 ec_worker ERROR State of the RTC is not INACTIVE_STATE.
2016-08-31 20:11:04,908 ec_worker ERROR State of the RTC is not INACTIVE_STATE.
2016-08-31 20:11:05,425 ec_worker ERROR State of the RTC is not INACTIVE_STATE.
2016-08-31 20:11:05,910 ec_worker ERROR State of the RTC is not INACTIVE_STATE.
2016-09-01 20:26:46,229 SdoServiceAdmin WARNING No available SDO service in the factory: 
2016-09-01 20:26:46,231 SdoServiceAdmin ERROR type  already exists.
2016-09-01 20:26:46,245 SdoServiceAdmin WARNING No available SDO service in the factory: IDL:OpenRTM/ComponentObserver:1.0
2016-09-01 20:26:46,247 SdoServiceAdmin ERROR type dd36ac7c-7f38-4150-9207-bdcca460704b already exists.
2016-09-01 20:27:21,215 ec_worker ERROR State of the RTC is not INACTIVE_STATE.
2016-09-01 20:29:02,557 ec_worker ERROR State of the RTC is not ACTIVE_STATE.
2016-09-01 20:29:13,676 ec_worker ERROR State of the RTC is not ACTIVE_STATE.
2016-09-01 20:32:53,024 ec_worker ERROR State of the RTC is not ACTIVE_STATE.
2016-09-01 20:32:53,053 ec_worker WARNING ExecutionContext is already stopped.
2016-09-01 20:32:53,054 ec_base ERROR Invoking on_shutdown() for each RTC failed.
