2016-09-02 00:57:48,532 manager INFO 1.1.0
2016-09-02 00:57:48,534 manager INFO Copyright (C) 2003-2010
2016-09-02 00:57:48,535 manager INFO   Noriaki Ando
2016-09-02 00:57:48,535 manager INFO   Intelligent Systems Research Institute, AIST
2016-09-02 00:57:48,536 manager INFO Manager starting.
2016-09-02 00:57:48,537 manager INFO Starting local logging.
2016-09-02 00:57:48,551 manager.namingmanager INFO NameServer connection succeeded: corba/localhost
2016-09-02 00:57:48,608 ManagerServant INFO Master manager not found
2016-09-02 00:57:48,615 manager WARNING Traceback (most recent call last):
  File "/usr/lib/python2.7/dist-packages/OpenRTM_aist/Manager.py", line 1900, in initManagerServant
    reffile = file(self._config.getProperty("manager.refstring_path"),'w')
IOError: [Errno 13] Permission denied: '/var/log/rtcmanager.ref'

2016-09-02 00:57:48,618 LocalServiceAdmin INFO All the local services are enabled.
2016-09-02 00:57:48,660 manager INFO Component type conf file: outTemp.conf loaded.
2016-09-02 00:57:48,687 ec_base INFO setRate(1000000.000000) done
2016-09-02 00:57:48,689 ec_base INFO setRate(1000.000000) done
2016-09-02 00:57:48,695 rtobject INFO 1 execution context was created.
2016-09-02 00:57:48,708 rtobject INFO Initial active configuration set is default-set.
2016-09-02 00:57:51,101 SdoServiceAdmin WARNING No available SDO service in the factory: 
2016-09-02 00:57:51,103 SdoServiceAdmin ERROR type  already exists.
2016-09-02 00:57:51,112 SdoServiceAdmin WARNING No available SDO service in the factory: IDL:OpenRTM/ComponentObserver:1.0
2016-09-02 00:57:51,113 SdoServiceAdmin ERROR type 6cacb399-61c2-40ab-9796-d3112ac4495b already exists.
2016-09-02 00:58:04,214 rtobject ERROR Traceback (most recent call last):
  File "/usr/lib/python2.7/dist-packages/OpenRTM_aist/RTObject.py", line 1560, in on_execute
    ret = self.onExecute(ec_id)
  File "outTemp.py", line 182, in onExecute
    if(origin_TempIn.isnew()):
NameError: global name 'origin_TempIn' is not defined

2016-09-02 00:58:21,257 ec_worker ERROR State of the RTC is not ACTIVE_STATE.
2016-09-02 00:58:38,742 ec_worker ERROR State of the RTC is not ACTIVE_STATE.
2016-09-02 00:59:00,325 ec_worker ERROR State of the RTC is not INACTIVE_STATE.
2016-09-02 00:59:14,323 ec_worker ERROR State of the RTC is not ACTIVE_STATE.
2016-09-02 00:59:26,228 ec_worker ERROR State of the RTC is not ACTIVE_STATE.
2016-09-02 00:59:26,239 ec_worker WARNING ExecutionContext is already stopped.
2016-09-02 00:59:26,241 ec_base ERROR Invoking on_shutdown() for each RTC failed.
