2016-09-06 01:37:49,966 manager INFO 1.1.0
2016-09-06 01:37:49,967 manager INFO Copyright (C) 2003-2010
2016-09-06 01:37:49,968 manager INFO   Noriaki Ando
2016-09-06 01:37:49,969 manager INFO   Intelligent Systems Research Institute, AIST
2016-09-06 01:37:49,969 manager INFO Manager starting.
2016-09-06 01:37:49,970 manager INFO Starting local logging.
2016-09-06 01:37:49,985 manager.namingmanager INFO NameServer connection succeeded: corba/localhost
2016-09-06 01:37:50,042 ManagerServant INFO Master manager not found
2016-09-06 01:37:50,049 manager WARNING Traceback (most recent call last):
  File "/usr/lib/python2.7/dist-packages/OpenRTM_aist/Manager.py", line 1900, in initManagerServant
    reffile = file(self._config.getProperty("manager.refstring_path"),'w')
IOError: [Errno 13] Permission denied: '/var/log/rtcmanager.ref'

2016-09-06 01:37:50,052 LocalServiceAdmin INFO All the local services are enabled.
2016-09-06 01:37:50,099 manager INFO Component type conf file: outTemp.conf loaded.
2016-09-06 01:37:50,128 ec_base INFO setRate(1000000.000000) done
2016-09-06 01:37:50,130 ec_base INFO setRate(1000.000000) done
2016-09-06 01:37:50,135 rtobject INFO 1 execution context was created.
2016-09-06 01:37:50,149 rtobject INFO Initial active configuration set is default-set.
2016-09-06 01:41:05,066 ec_worker ERROR State of the RTC is not ACTIVE_STATE.
2016-09-06 01:41:05,073 ec_worker WARNING ExecutionContext is already stopped.
2016-09-06 01:41:05,075 ec_base ERROR Invoking on_shutdown() for each RTC failed.
